<?xml version="1.0" encoding="UTF-8"?>
<testng-results ignored="2" total="11" passed="8" failed="1" skipped="0">
  <reporter-output>
  </reporter-output>
  <suite started-at="2026-02-06T15:57:23 IST" name="Loan Department" finished-at="2026-02-06T15:57:23 IST" duration-ms="71">
    <groups>
      <group name="smoke">
        <method signature="Day2.loan()[pri:0, instance:testNG.Day2@52e6fdee]" name="loan" class="testNG.Day2"/>
        <method signature="Day4.MobileLoginHomeloan()[pri:0, instance:testNG.Day4@6c80d78a]" name="MobileLoginHomeloan" class="testNG.Day4"/>
        <method signature="Day3.MobileLoginCarloan()[pri:0, instance:testNG.Day3@3febb011]" name="MobileLoginCarloan" class="testNG.Day3"/>
      </group> <!-- smoke -->
    </groups>
    <test started-at="2026-02-06T15:57:23 IST" name="Car Loan" finished-at="2026-02-06T15:57:23 IST" duration-ms="65">
      <class name="testNG.Day3">
        <test-method is-config="true" signature="Bfsuite()[pri:0, instance:testNG.Day3@3febb011]" started-at="2026-02-06T15:57:23 IST" name="Bfsuite" finished-at="2026-02-06T15:57:23 IST" duration-ms="9" status="PASS">
          <reporter-output>
          </reporter-output>
        </test-method> <!-- Bfsuite -->
        <test-method is-config="true" signature="beforeclass()[pri:0, instance:testNG.Day3@3febb011]" started-at="2026-02-06T15:57:23 IST" name="beforeclass" finished-at="2026-02-06T15:57:23 IST" duration-ms="1" status="PASS">
          <reporter-output>
          </reporter-output>
        </test-method> <!-- beforeclass -->
        <test-method is-config="true" signature="beforeevery()[pri:0, instance:testNG.Day3@3febb011]" started-at="2026-02-06T15:57:23 IST" name="beforeevery" finished-at="2026-02-06T15:57:23 IST" duration-ms="0" status="PASS">
          <reporter-output>
          </reporter-output>
        </test-method> <!-- beforeevery -->
        <test-method signature="MobileLoginCarloan()[pri:0, instance:testNG.Day3@3febb011]" started-at="2026-02-06T15:57:23 IST" name="MobileLoginCarloan" finished-at="2026-02-06T15:57:23 IST" duration-ms="9" status="PASS">
          <reporter-output>
          </reporter-output>
        </test-method> <!-- MobileLoginCarloan -->
        <test-method is-config="true" signature="afterevery()[pri:0, instance:testNG.Day3@3febb011]" started-at="2026-02-06T15:57:23 IST" name="afterevery" finished-at="2026-02-06T15:57:23 IST" duration-ms="1" status="PASS">
          <reporter-output>
          </reporter-output>
        </test-method> <!-- afterevery -->
        <test-method is-config="true" signature="beforeevery()[pri:0, instance:testNG.Day3@3febb011]" started-at="2026-02-06T15:57:23 IST" name="beforeevery" finished-at="2026-02-06T15:57:23 IST" duration-ms="1" status="PASS">
          <reporter-output>
          </reporter-output>
        </test-method> <!-- beforeevery -->
        <test-method signature="MobileSighinCarloan()[pri:0, instance:testNG.Day3@3febb011]" started-at="2026-02-06T15:57:23 IST" name="MobileSighinCarloan" finished-at="2026-02-06T15:57:23 IST" duration-ms="1" status="PASS">
          <reporter-output>
          </reporter-output>
        </test-method> <!-- MobileSighinCarloan -->
        <test-method is-config="true" signature="afterevery()[pri:0, instance:testNG.Day3@3febb011]" started-at="2026-02-06T15:57:23 IST" name="afterevery" finished-at="2026-02-06T15:57:23 IST" duration-ms="1" status="PASS">
          <reporter-output>
          </reporter-output>
        </test-method> <!-- afterevery -->
        <test-method is-config="true" signature="beforeevery()[pri:0, instance:testNG.Day3@3febb011]" started-at="2026-02-06T15:57:23 IST" name="beforeevery" finished-at="2026-02-06T15:57:23 IST" duration-ms="1" status="PASS">
          <reporter-output>
          </reporter-output>
        </test-method> <!-- beforeevery -->
        <test-method signature="MobileSignoutCarloan()[pri:0, instance:testNG.Day3@3febb011]" started-at="2026-02-06T15:57:23 IST" name="MobileSignoutCarloan" finished-at="2026-02-06T15:57:23 IST" duration-ms="4" status="PASS">
          <reporter-output>
          </reporter-output>
        </test-method> <!-- MobileSignoutCarloan -->
        <test-method is-config="true" signature="afterevery()[pri:0, instance:testNG.Day3@3febb011]" started-at="2026-02-06T15:57:23 IST" name="afterevery" finished-at="2026-02-06T15:57:23 IST" duration-ms="0" status="PASS">
          <reporter-output>
          </reporter-output>
        </test-method> <!-- afterevery -->
        <test-method is-config="true" signature="beforeevery()[pri:0, instance:testNG.Day3@3febb011]" started-at="2026-02-06T15:57:23 IST" name="beforeevery" finished-at="2026-02-06T15:57:23 IST" duration-ms="0" status="PASS">
          <reporter-output>
          </reporter-output>
        </test-method> <!-- beforeevery -->
        <test-method signature="webLoginCarloan()[pri:0, instance:testNG.Day3@3febb011]" started-at="2026-02-06T15:57:23 IST" name="webLoginCarloan" finished-at="2026-02-06T15:57:23 IST" duration-ms="2" status="PASS">
          <reporter-output>
          </reporter-output>
        </test-method> <!-- webLoginCarloan -->
        <test-method is-config="true" signature="afterclass()[pri:0, instance:testNG.Day3@3febb011]" started-at="2026-02-06T15:57:23 IST" name="afterclass" finished-at="2026-02-06T15:57:23 IST" duration-ms="1" status="PASS">
          <reporter-output>
          </reporter-output>
        </test-method> <!-- afterclass -->
        <test-method is-config="true" signature="afterevery()[pri:0, instance:testNG.Day3@3febb011]" started-at="2026-02-06T15:57:23 IST" name="afterevery" finished-at="2026-02-06T15:57:23 IST" duration-ms="0" status="PASS">
          <reporter-output>
          </reporter-output>
        </test-method> <!-- afterevery -->
      </class> <!-- testNG.Day3 -->
      <class name="testNG.Day1">
        <test-method is-config="true" signature="AfSuite()[pri:0, instance:testNG.Day1@dbf57b3]" started-at="2026-02-06T15:57:23 IST" name="AfSuite" finished-at="2026-02-06T15:57:23 IST" duration-ms="0" status="PASS">
          <reporter-output>
          </reporter-output>
        </test-method> <!-- AfSuite -->
      </class> <!-- testNG.Day1 -->
    </test> <!-- Car Loan -->
    <test started-at="2026-02-06T15:57:23 IST" name="Persnoal Loan" finished-at="2026-02-06T15:57:23 IST" duration-ms="71">
      <class name="testNG.Day4">
        <test-method signature="LoginAPIHomeloan()[pri:0, instance:testNG.Day4@6c80d78a]" started-at="2026-02-06T15:57:23 IST" name="LoginAPIHomeloan" finished-at="2026-02-06T15:57:23 IST" duration-ms="2" status="PASS">
          <reporter-output>
          </reporter-output>
        </test-method> <!-- LoginAPIHomeloan -->
        <test-method signature="MobileLoginHomeloan()[pri:0, instance:testNG.Day4@6c80d78a]" started-at="2026-02-06T15:57:23 IST" name="MobileLoginHomeloan" finished-at="2026-02-06T15:57:23 IST" duration-ms="2" status="PASS">
          <reporter-output>
          </reporter-output>
        </test-method> <!-- MobileLoginHomeloan -->
        <test-method signature="webLoginHomeloan()[pri:0, instance:testNG.Day4@6c80d78a]" started-at="2026-02-06T15:57:23 IST" name="webLoginHomeloan" finished-at="2026-02-06T15:57:23 IST" duration-ms="2" status="PASS">
          <reporter-output>
          </reporter-output>
        </test-method> <!-- webLoginHomeloan -->
      </class> <!-- testNG.Day4 -->
      <class name="testNG.Day2">
        <test-method is-config="true" signature="prerequiste()[pri:0, instance:testNG.Day2@52e6fdee]" started-at="2026-02-06T15:57:23 IST" name="prerequiste" finished-at="2026-02-06T15:57:23 IST" duration-ms="1" status="PASS">
          <reporter-output>
          </reporter-output>
        </test-method> <!-- prerequiste -->
        <test-method signature="loan()[pri:0, instance:testNG.Day2@52e6fdee]" started-at="2026-02-06T15:57:23 IST" name="loan" finished-at="2026-02-06T15:57:23 IST" duration-ms="6" status="PASS">
          <reporter-output>
          </reporter-output>
        </test-method> <!-- loan -->
      </class> <!-- testNG.Day2 -->
      <class name="testNG.Day1">
        <test-method signature="demo()[pri:0, instance:testNG.Day1@dbf57b3]" started-at="2026-02-06T15:57:23 IST" name="demo" finished-at="2026-02-06T15:57:23 IST" duration-ms="15" status="FAIL">
          <exception class="java.lang.AssertionError">
            <message>
              <![CDATA[expected [true] but found [false]]]>
            </message>
            <full-stacktrace>
              <![CDATA[java.lang.AssertionError: expected [true] but found [false]
at org.testng.Assert.fail(Assert.java:99)
at org.testng.Assert.failNotEquals(Assert.java:1037)
at org.testng.Assert.assertTrue(Assert.java:45)
at org.testng.Assert.assertTrue(Assert.java:55)
at testNG.Day1.demo(Day1.java:20)
at java.base/jdk.internal.reflect.DirectMethodHandleAccessor.invoke(DirectMethodHandleAccessor.java:103)
at java.base/java.lang.reflect.Method.invoke(Method.java:580)
at org.testng.internal.MethodInvocationHelper.invokeMethod(MethodInvocationHelper.java:133)
at org.testng.internal.TestInvoker.invokeMethod(TestInvoker.java:598)
at org.testng.internal.TestInvoker.invokeTestMethod(TestInvoker.java:173)
at org.testng.internal.MethodRunner.runInSequence(MethodRunner.java:46)
at org.testng.internal.TestInvoker$MethodInvocationAgent.invoke(TestInvoker.java:824)
at org.testng.internal.TestInvoker.invokeTestMethods(TestInvoker.java:146)
at org.testng.internal.TestMethodWorker.invokeTestMethods(TestMethodWorker.java:146)
at org.testng.internal.TestMethodWorker.run(TestMethodWorker.java:128)
at java.base/java.util.ArrayList.forEach(ArrayList.java:1596)
at org.testng.TestRunner.privateRun(TestRunner.java:794)
at org.testng.TestRunner.run(TestRunner.java:596)
at org.testng.SuiteRunner.runTest(SuiteRunner.java:377)
at org.testng.SuiteRunner.access$000(SuiteRunner.java:28)
at org.testng.SuiteRunner$SuiteWorker.run(SuiteRunner.java:418)
at org.testng.internal.thread.ThreadUtil.lambda$execute$0(ThreadUtil.java:64)
at java.base/java.util.concurrent.FutureTask.run(FutureTask.java:317)
at java.base/java.util.concurrent.ThreadPoolExecutor.runWorker(ThreadPoolExecutor.java:1144)
at java.base/java.util.concurrent.ThreadPoolExecutor$Worker.run(ThreadPoolExecutor.java:642)
at java.base/java.lang.Thread.run(Thread.java:1583)
]]>
            </full-stacktrace>
          </exception> <!-- java.lang.AssertionError -->
          <reporter-output>
          </reporter-output>
        </test-method> <!-- demo -->
        <test-method is-config="true" signature="lastExecutation()[pri:0, instance:testNG.Day1@dbf57b3]" started-at="2026-02-06T15:57:23 IST" name="lastExecutation" finished-at="2026-02-06T15:57:23 IST" duration-ms="1" status="PASS">
          <reporter-output>
          </reporter-output>
        </test-method> <!-- lastExecutation -->
      </class> <!-- testNG.Day1 -->
    </test> <!-- Persnoal Loan -->
  </suite> <!-- Loan Department -->
</testng-results>
