<?xml version="1.0" encoding="UTF-8"?>
<!-- Generated by org.testng.reporters.JUnitXMLReporter -->
<testsuite ignored="1" hostname="ADITYA-DHURVEY" failures="0" tests="4" name="Car Loan" time="0.065" errors="0" timestamp="2026-02-06T15:57:23 IST">
  <testcase classname="testNG.Day3" name="MobileLoginCarloan" time="0.009"/>
  <testcase classname="testNG.Day3" name="MobileSighinCarloan" time="0.001"/>
  <testcase classname="testNG.Day3" name="MobileSignoutCarloan" time="0.004"/>
  <testcase classname="testNG.Day3" name="webLoginCarloan" time="0.002"/>
  <testcase classname="testNG.Day3" name="APICarloan" time="0.0">
    <ignored/>
  </testcase> <!-- APICarloan -->
</testsuite> <!-- Car Loan -->
