<?xml version="1.0" encoding="UTF-8"?>
<!-- Generated by org.testng.reporters.JUnitXMLReporter -->
<testsuite ignored="1" hostname="ADITYA-DHURVEY" failures="0" tests="2" name="Car Loan" time="0.007" errors="0" timestamp="2026-02-05T18:24:55 IST">
  <testcase classname="testNG.Day3" name="LoginAPICarloan" time="0.001"/>
  <testcase classname="testNG.Day3" name="webLoginCarloan" time="0.002"/>
  <testcase classname="testNG.Day3" name="MobileLoginCarloan" time="0.0">
    <ignored/>
  </testcase> <!-- MobileLoginCarloan -->
</testsuite> <!-- Car Loan -->
