<?xml version="1.0" encoding="UTF-8"?>
<!-- Generated by org.testng.reporters.JUnitXMLReporter -->
<testsuite ignored="1" hostname="ADITYA-DHURVEY" failures="0" tests="5" name="Persnoal Loan" time="0.088" errors="0" timestamp="2026-02-05T18:24:55 IST">
  <testcase classname="testNG.Day1" name="demo" time="0.02"/>
  <testcase classname="testNG.Day2" name="loan" time="0.003"/>
  <testcase classname="testNG.Day4" name="LoginAPIHomeloan" time="0.001"/>
  <testcase classname="testNG.Day4" name="MobileLoginHomeloan" time="0.002"/>
  <testcase classname="testNG.Day4" name="webLoginHomeloan" time="0.003"/>
  <testcase classname="testNG.Day1" name="demo2" time="0.0">
    <ignored/>
  </testcase> <!-- demo2 -->
</testsuite> <!-- Persnoal Loan -->
