<?xml version="1.0" encoding="UTF-8"?>
<!-- Generated by org.testng.reporters.JUnitXMLReporter -->
<testsuite ignored="1" hostname="ADITYA-DHURVEY" failures="1" tests="5" name="Persnoal Loan" time="0.071" errors="0" timestamp="2026-02-06T15:57:23 IST">
  <testcase classname="testNG.Day1" name="demo" time="0.015">
    <failure type="java.lang.AssertionError" message="expected [true] but found [false]">
      <![CDATA[java.lang.AssertionError: expected [true] but found [false]
at testNG.Day1.demo(Day1.java:20)
at java.base/java.util.ArrayList.forEach(ArrayList.java:1596)
at java.base/java.util.concurrent.FutureTask.run(FutureTask.java:317)
at java.base/java.util.concurrent.ThreadPoolExecutor.runWorker(ThreadPoolExecutor.java:1144)
at java.base/java.util.concurrent.ThreadPoolExecutor$Worker.run(ThreadPoolExecutor.java:642)
at java.base/java.lang.Thread.run(Thread.java:1583)
... Removed 20 stack frames]]>
    </failure>
  </testcase> <!-- demo -->
  <testcase classname="testNG.Day2" name="loan" time="0.006"/>
  <testcase classname="testNG.Day4" name="LoginAPIHomeloan" time="0.002"/>
  <testcase classname="testNG.Day4" name="MobileLoginHomeloan" time="0.002"/>
  <testcase classname="testNG.Day4" name="webLoginHomeloan" time="0.002"/>
  <testcase classname="testNG.Day1" name="demo2" time="0.0">
    <ignored/>
  </testcase> <!-- demo2 -->
</testsuite> <!-- Persnoal Loan -->
