<?xml version="1.0" encoding="UTF-8"?>
<!-- Generated by org.testng.reporters.JUnitXMLReporter -->
<testsuite ignored="8" hostname="ADITYA-DHURVEY" failures="0" tests="3" name="Regrassion" time="0.038" errors="0" timestamp="2026-02-06T12:44:31 IST">
  <testcase classname="testNG.Day2" name="loan" time="0.009"/>
  <testcase classname="testNG.Day4" name="MobileLoginHomeloan" time="0.001"/>
  <testcase classname="testNG.Day3" name="MobileLoginCarloan" time="0.0"/>
  <testcase classname="testNG.Day3" name="MobileSignoutCarloan" time="0.0">
    <ignored/>
  </testcase> <!-- MobileSignoutCarloan -->
  <testcase classname="testNG.Day1" name="demo2" time="0.0">
    <ignored/>
  </testcase> <!-- demo2 -->
  <testcase classname="testNG.Day4" name="webLoginHomeloan" time="0.0">
    <ignored/>
  </testcase> <!-- webLoginHomeloan -->
  <testcase classname="testNG.Day1" name="demo" time="0.0">
    <ignored/>
  </testcase> <!-- demo -->
  <testcase classname="testNG.Day3" name="APICarloan" time="0.0">
    <ignored/>
  </testcase> <!-- APICarloan -->
  <testcase classname="testNG.Day3" name="webLoginCarloan" time="0.0">
    <ignored/>
  </testcase> <!-- webLoginCarloan -->
  <testcase classname="testNG.Day3" name="MobileSighinCarloan" time="0.0">
    <ignored/>
  </testcase> <!-- MobileSighinCarloan -->
  <testcase classname="testNG.Day4" name="LoginAPIHomeloan" time="0.0">
    <ignored/>
  </testcase> <!-- LoginAPIHomeloan -->
</testsuite> <!-- Regrassion -->
