<?xml version="1.0" encoding="UTF-8"?>
<!-- Generated by org.testng.reporters.JUnitReportReporter -->
<testsuite hostname="ADITYA-DHURVEY" failures="0" tests="3" name="testNG.Day4" time="0.006" errors="0" timestamp="2026-02-05T18:24:55 IST" skipped="0">
  <testcase classname="testNG.Day4" name="webLoginHomeloan" time="0.003"/>
  <system-out/>
  <testcase classname="testNG.Day4" name="MobileLoginHomeloan" time="0.002"/>
  <system-out/>
  <testcase classname="testNG.Day4" name="LoginAPIHomeloan" time="0.001"/>
  <system-out/>
</testsuite> <!-- testNG.Day4 -->
