<?xml version="1.0" encoding="UTF-8"?>
<!-- Generated by org.testng.reporters.JUnitReportReporter -->
<testsuite hostname="ADITYA-DHURVEY" failures="0" tests="4" name="testNG.Day3" time="0.020" errors="0" timestamp="2026-02-06T15:57:23 IST" skipped="0">
  <testcase classname="testNG.Day3" name="MobileSignoutCarloan" time="0.004"/>
  <system-out/>
  <testcase classname="testNG.Day3" name="webLoginCarloan" time="0.003"/>
  <system-out/>
  <testcase classname="testNG.Day3" name="MobileSighinCarloan" time="0.002"/>
  <system-out/>
  <testcase classname="testNG.Day3" name="MobileLoginCarloan" time="0.011"/>
  <system-out/>
</testsuite> <!-- testNG.Day3 -->
