<?xml version="1.0" encoding="UTF-8"?>
<!-- Generated by org.testng.reporters.JUnitXMLReporter -->
<testsuite ignored="0" hostname="ADITYA-DHURVEY" failures="0" tests="3" name="Car Loan" time="0.011" errors="0" timestamp="2026-02-05T16:34:15 IST">
  <testcase classname="testNG.Day3" name="webLoginAPIloan" time="0.002"/>
  <testcase classname="testNG.Day3" name="webLoginCarloan" time="0.001"/>
  <testcase classname="testNG.Day3" name="webLoginHomeloan" time="0.001"/>
</testsuite> <!-- Car Loan -->
