<?xml version="1.0" encoding="UTF-8"?>
<!-- Generated by org.testng.reporters.JUnitXMLReporter -->
<testsuite ignored="0" hostname="ADITYA-DHURVEY" failures="0" tests="6" name="Test" time="0.072" errors="0" timestamp="2026-02-05T16:34:15 IST">
  <testcase classname="testNG.Day1" name="demo" time="0.016"/>
  <testcase classname="testNG.Day1" name="demo2" time="0.001"/>
  <testcase classname="testNG.Day2" name="loan" time="0.002"/>
  <testcase classname="testNG.Day4" name="webLoginAPIloan" time="0.001"/>
  <testcase classname="testNG.Day4" name="webLoginCarloan" time="0.0"/>
  <testcase classname="testNG.Day4" name="webLoginHomeloan" time="0.002"/>
</testsuite> <!-- Test -->
